<?xml version="1.0" encoding="UTF-8"?>
<testng-results ignored="0" total="1" passed="1" failed="0" skipped="0">
  <reporter-output>
  </reporter-output>
  <suite started-at="2021-02-16T12:52:29 IST" name="Suite" finished-at="2021-02-16T12:53:06 IST" duration-ms="36292">
    <groups>
      <group name="cucumber">
        <method signature="AbstractTestNGCucumberTests.feature(cucumber.api.testng.CucumberFeatureWrapper)[pri:0, instance:cucumberOptions.TestRunner@4cc8eb05]" name="feature" class="cucumber.api.testng.AbstractTestNGCucumberTests"/>
      </group> <!-- cucumber -->
    </groups>
    <test started-at="2021-02-16T12:52:29 IST" name="validating home page" finished-at="2021-02-16T12:53:06 IST" duration-ms="36292">
      <class name="cucumberOptions.TestRunner">
        <test-method is-config="true" signature="setUpClass()[pri:0, instance:cucumberOptions.TestRunner@4cc8eb05]" started-at="2021-02-16T12:52:29 IST" name="setUpClass" finished-at="2021-02-16T12:52:30 IST" duration-ms="299" status="PASS">
          <reporter-output>
          </reporter-output>
        </test-method> <!-- setUpClass -->
        <test-method signature="feature(cucumber.api.testng.CucumberFeatureWrapper)[pri:0, instance:cucumberOptions.TestRunner@4cc8eb05]" started-at="2021-02-16T12:52:30 IST" name="feature" description="Runs Cucumber Feature" data-provider="features" finished-at="2021-02-16T12:53:06 IST" duration-ms="35809" status="PASS">
          <params>
            <param index="0">
              <value>
                <![CDATA[Login to my Application]]>
              </value>
            </param>
          </params>
          <reporter-output>
          </reporter-output>
        </test-method> <!-- feature -->
        <test-method is-config="true" signature="tearDownClass()[pri:0, instance:cucumberOptions.TestRunner@4cc8eb05]" started-at="2021-02-16T12:53:06 IST" name="tearDownClass" finished-at="2021-02-16T12:53:06 IST" duration-ms="32" status="PASS">
          <reporter-output>
          </reporter-output>
        </test-method> <!-- tearDownClass -->
      </class> <!-- cucumberOptions.TestRunner -->
    </test> <!-- validating home page -->
  </suite> <!-- Suite -->
</testng-results>
